<?xml version="1.0" encoding="UTF-8"?>
<testsuite name="co.edu.unisabana.Jenkins.service.library.model.BookTest" tests="1" skipped="0" failures="0" errors="0" timestamp="2022-10-21T23:30:21" hostname="LAPTOP-R9DSJGVI" time="0.222">
  <properties/>
  <testcase name="Given_Category_Book_When_Registered_Book()" classname="co.edu.unisabana.Jenkins.service.library.model.BookTest" time="0.222"/>
  <system-out><![CDATA[]]></system-out>
  <system-err><![CDATA[]]></system-err>
</testsuite>
